stdio    D         file_stdio.c:105  file_stdio_fopen                 [   0.00000] opening C:\Users\Dawid\Documents\Visual Studio 2015\Projects\Project4\Debug\allegro5.cfg r
system   D            wsystem.c:721  maybe_parent_dir                 [   0.00000] Also searching C:\Users\Dawid\Documents\Visual Studio 2015\Projects\Project4\
system   W            wsystem.c:775  _al_win_safe_load_library        [   0.00000] PathFindOnPath failed to find shcore.dll
system   D            wsystem.c:721  maybe_parent_dir                 [   0.00000] Also searching C:\Users\Dawid\Documents\Visual Studio 2015\Projects\Project4\
system   D            wsystem.c:771  _al_win_safe_load_library        [   0.00000] PathFindOnPath found: C:\Windows\system32\user32.dll
system   D            wsystem.c:682  load_library_at_path             [   0.00000] Calling LoadLibrary C:\Windows\system32\user32.dll
system   I            wsystem.c:685  load_library_at_path             [   0.00000] Loaded C:\Windows\system32\user32.dll
system   I             system.c:257  al_install_system                [   0.00000] Allegro version: 5.2.1
system   D            wsystem.c:721  maybe_parent_dir                 [   0.00059] Also searching C:\Users\Dawid\Documents\Visual Studio 2015\Projects\Project4\
system   D            wsystem.c:771  _al_win_safe_load_library        [   0.00121] PathFindOnPath found: C:\Windows\system32\d3d9.dll
system   D            wsystem.c:682  load_library_at_path             [   0.00130] Calling LoadLibrary C:\Windows\system32\d3d9.dll
system   I            wsystem.c:685  load_library_at_path             [   0.04194] Loaded C:\Windows\system32\d3d9.dll
d3d      I         d3d_disp.cpp:674  d3d_init_display                 [   0.28727] Render-to-texture: 1
d3d      I         d3d_disp.cpp:1769 d3d_create_display_locked        [   0.28934] faux_fullscreen=0
d3d      D         d3d_disp.cpp:1770 d3d_create_display_locked        [   0.28943] al_display=00784540
d3d      D         d3d_disp.cpp:1771 d3d_create_display_locked        [   0.28951] al_display->vt=007A2E30
d3d      I d3d_display_formats.cpp:144  _al_d3d_generate_display_format_list [   0.30756] found 64 format combinations
display  D   display_settings.c:212  debug_display_settings           [   0.30768] color: 32 (rgba 8880), depth: 0, stencil: 0, acc: 0000, samples: 0/0
display  D   display_settings.c:527  _al_score_display_settings       [   0.30778] Score is : 897
display  D   display_settings.c:212  debug_display_settings           [   0.30785] color: 32 (rgba 8880), depth: 0, stencil: 0, acc: 0000, samples: 0/0
display  D   display_settings.c:527  _al_score_display_settings       [   0.30793] Score is : 897
display  D   display_settings.c:212  debug_display_settings           [   0.30800] color: 32 (rgba 8880), depth: 24, stencil: 8, acc: 0000, samples: 0/0
display  D   display_settings.c:527  _al_score_display_settings       [   0.30811] Score is : 897
display  D   display_settings.c:212  debug_display_settings           [   0.30818] color: 32 (rgba 8880), depth: 24, stencil: 8, acc: 0000, samples: 0/0
display  D   display_settings.c:527  _al_score_display_settings       [   0.30826] Score is : 897
display  D   display_settings.c:212  debug_display_settings           [   0.30833] color: 32 (rgba 8880), depth: 24, stencil: 0, acc: 0000, samples: 0/0
display  D   display_settings.c:527  _al_score_display_settings       [   0.30842] Score is : 897
display  D   display_settings.c:212  debug_display_settings           [   0.30849] color: 32 (rgba 8880), depth: 24, stencil: 0, acc: 0000, samples: 0/0
display  D   display_settings.c:527  _al_score_display_settings       [   0.30857] Score is : 897
display  D   display_settings.c:212  debug_display_settings           [   0.30864] color: 32 (rgba 8880), depth: 16, stencil: 0, acc: 0000, samples: 0/0
display  D   display_settings.c:527  _al_score_display_settings       [   0.30872] Score is : 897
display  D   display_settings.c:212  debug_display_settings           [   0.30879] color: 32 (rgba 8880), depth: 16, stencil: 0, acc: 0000, samples: 0/0
display  D   display_settings.c:527  _al_score_display_settings       [   0.30892] Score is : 897
display  D   display_settings.c:212  debug_display_settings           [   0.30899] color: 16 (rgba 5650), depth: 0, stencil: 0, acc: 0000, samples: 0/0
display  D   display_settings.c:527  _al_score_display_settings       [   0.30914] Score is : 897
display  D   display_settings.c:212  debug_display_settings           [   0.30921] color: 16 (rgba 5650), depth: 0, stencil: 0, acc: 0000, samples: 0/0
display  D   display_settings.c:527  _al_score_display_settings       [   0.30992] Score is : 897
display  D   display_settings.c:212  debug_display_settings           [   0.31001] color: 16 (rgba 5650), depth: 24, stencil: 8, acc: 0000, samples: 0/0
display  D   display_settings.c:527  _al_score_display_settings       [   0.31011] Score is : 897
display  D   display_settings.c:212  debug_display_settings           [   0.31018] color: 16 (rgba 5650), depth: 24, stencil: 8, acc: 0000, samples: 0/0
display  D   display_settings.c:527  _al_score_display_settings       [   0.31026] Score is : 897
display  D   display_settings.c:212  debug_display_settings           [   0.31033] color: 16 (rgba 5650), depth: 24, stencil: 0, acc: 0000, samples: 0/0
display  D   display_settings.c:527  _al_score_display_settings       [   0.31041] Score is : 897
display  D   display_settings.c:212  debug_display_settings           [   0.31048] color: 16 (rgba 5650), depth: 24, stencil: 0, acc: 0000, samples: 0/0
display  D   display_settings.c:527  _al_score_display_settings       [   0.31056] Score is : 897
display  D   display_settings.c:212  debug_display_settings           [   0.31062] color: 16 (rgba 5650), depth: 16, stencil: 0, acc: 0000, samples: 0/0
display  D   display_settings.c:527  _al_score_display_settings       [   0.31070] Score is : 897
display  D   display_settings.c:212  debug_display_settings           [   0.31076] color: 16 (rgba 5650), depth: 16, stencil: 0, acc: 0000, samples: 0/0
display  D   display_settings.c:527  _al_score_display_settings       [   0.31084] Score is : 897
display  D   display_settings.c:212  debug_display_settings           [   0.31090] color: 32 (rgba 8880), depth: 0, stencil: 0, acc: 0000, samples: 0/0
display  D   display_settings.c:398  _al_score_display_settings       [   0.31098] Single Buffer requirement not met.
display  D   display_settings.c:212  debug_display_settings           [   0.31107] color: 32 (rgba 8880), depth: 0, stencil: 0, acc: 0000, samples: 0/0
display  D   display_settings.c:398  _al_score_display_settings       [   0.31115] Single Buffer requirement not met.
display  D   display_settings.c:212  debug_display_settings           [   0.31122] color: 32 (rgba 8880), depth: 24, stencil: 8, acc: 0000, samples: 0/0
display  D   display_settings.c:398  _al_score_display_settings       [   0.31131] Single Buffer requirement not met.
display  D   display_settings.c:212  debug_display_settings           [   0.31138] color: 32 (rgba 8880), depth: 24, stencil: 8, acc: 0000, samples: 0/0
display  D   display_settings.c:398  _al_score_display_settings       [   0.31146] Single Buffer requirement not met.
display  D   display_settings.c:212  debug_display_settings           [   0.31153] color: 32 (rgba 8880), depth: 24, stencil: 0, acc: 0000, samples: 0/0
display  D   display_settings.c:398  _al_score_display_settings       [   0.31161] Single Buffer requirement not met.
display  D   display_settings.c:212  debug_display_settings           [   0.31168] color: 32 (rgba 8880), depth: 24, stencil: 0, acc: 0000, samples: 0/0
display  D   display_settings.c:398  _al_score_display_settings       [   0.31177] Single Buffer requirement not met.
display  D   display_settings.c:212  debug_display_settings           [   0.31184] color: 32 (rgba 8880), depth: 16, stencil: 0, acc: 0000, samples: 0/0
display  D   display_settings.c:398  _al_score_display_settings       [   0.31192] Single Buffer requirement not met.
display  D   display_settings.c:212  debug_display_settings           [   0.31198] color: 32 (rgba 8880), depth: 16, stencil: 0, acc: 0000, samples: 0/0
display  D   display_settings.c:398  _al_score_display_settings       [   0.31211] Single Buffer requirement not met.
display  D   display_settings.c:212  debug_display_settings           [   0.31218] color: 16 (rgba 5650), depth: 0, stencil: 0, acc: 0000, samples: 0/0
display  D   display_settings.c:398  _al_score_display_settings       [   0.31226] Single Buffer requirement not met.
display  D   display_settings.c:212  debug_display_settings           [   0.31232] color: 16 (rgba 5650), depth: 0, stencil: 0, acc: 0000, samples: 0/0
display  D   display_settings.c:398  _al_score_display_settings       [   0.31239] Single Buffer requirement not met.
display  D   display_settings.c:212  debug_display_settings           [   0.31245] color: 16 (rgba 5650), depth: 24, stencil: 8, acc: 0000, samples: 0/0
display  D   display_settings.c:398  _al_score_display_settings       [   0.31253] Single Buffer requirement not met.
display  D   display_settings.c:212  debug_display_settings           [   0.31259] color: 16 (rgba 5650), depth: 24, stencil: 8, acc: 0000, samples: 0/0
display  D   display_settings.c:398  _al_score_display_settings       [   0.31266] Single Buffer requirement not met.
display  D   display_settings.c:212  debug_display_settings           [   0.31273] color: 16 (rgba 5650), depth: 24, stencil: 0, acc: 0000, samples: 0/0
display  D   display_settings.c:398  _al_score_display_settings       [   0.31280] Single Buffer requirement not met.
display  D   display_settings.c:212  debug_display_settings           [   0.31286] color: 16 (rgba 5650), depth: 24, stencil: 0, acc: 0000, samples: 0/0
display  D   display_settings.c:398  _al_score_display_settings       [   0.31294] Single Buffer requirement not met.
display  D   display_settings.c:212  debug_display_settings           [   0.31300] color: 16 (rgba 5650), depth: 16, stencil: 0, acc: 0000, samples: 0/0
display  D   display_settings.c:398  _al_score_display_settings       [   0.31308] Single Buffer requirement not met.
display  D   display_settings.c:212  debug_display_settings           [   0.31314] color: 16 (rgba 5650), depth: 16, stencil: 0, acc: 0000, samples: 0/0
display  D   display_settings.c:398  _al_score_display_settings       [   0.31321] Single Buffer requirement not met.
display  D   display_settings.c:212  debug_display_settings           [   0.31328] color: 32 (rgba 8880), depth: 0, stencil: 0, acc: 0000, samples: 0/0
display  D   display_settings.c:527  _al_score_display_settings       [   0.31335] Score is : 769
display  D   display_settings.c:212  debug_display_settings           [   0.31341] color: 32 (rgba 8880), depth: 0, stencil: 0, acc: 0000, samples: 0/0
display  D   display_settings.c:527  _al_score_display_settings       [   0.31349] Score is : 769
display  D   display_settings.c:212  debug_display_settings           [   0.31354] color: 32 (rgba 8880), depth: 24, stencil: 8, acc: 0000, samples: 0/0
display  D   display_settings.c:527  _al_score_display_settings       [   0.31362] Score is : 769
display  D   display_settings.c:212  debug_display_settings           [   0.31368] color: 32 (rgba 8880), depth: 24, stencil: 8, acc: 0000, samples: 0/0
display  D   display_settings.c:527  _al_score_display_settings       [   0.31375] Score is : 769
display  D   display_settings.c:212  debug_display_settings           [   0.31381] color: 32 (rgba 8880), depth: 24, stencil: 0, acc: 0000, samples: 0/0
display  D   display_settings.c:527  _al_score_display_settings       [   0.31389] Score is : 769
display  D   display_settings.c:212  debug_display_settings           [   0.31395] color: 32 (rgba 8880), depth: 24, stencil: 0, acc: 0000, samples: 0/0
display  D   display_settings.c:527  _al_score_display_settings       [   0.31403] Score is : 769
display  D   display_settings.c:212  debug_display_settings           [   0.31409] color: 32 (rgba 8880), depth: 16, stencil: 0, acc: 0000, samples: 0/0
display  D   display_settings.c:527  _al_score_display_settings       [   0.31417] Score is : 769
display  D   display_settings.c:212  debug_display_settings           [   0.31423] color: 32 (rgba 8880), depth: 16, stencil: 0, acc: 0000, samples: 0/0
display  D   display_settings.c:527  _al_score_display_settings       [   0.31430] Score is : 769
display  D   display_settings.c:212  debug_display_settings           [   0.31436] color: 16 (rgba 5650), depth: 0, stencil: 0, acc: 0000, samples: 0/0
display  D   display_settings.c:527  _al_score_display_settings       [   0.31444] Score is : 769
display  D   display_settings.c:212  debug_display_settings           [   0.31450] color: 16 (rgba 5650), depth: 0, stencil: 0, acc: 0000, samples: 0/0
display  D   display_settings.c:527  _al_score_display_settings       [   0.31457] Score is : 769
display  D   display_settings.c:212  debug_display_settings           [   0.31463] color: 16 (rgba 5650), depth: 24, stencil: 8, acc: 0000, samples: 0/0
display  D   display_settings.c:527  _al_score_display_settings       [   0.31471] Score is : 769
display  D   display_settings.c:212  debug_display_settings           [   0.31477] color: 16 (rgba 5650), depth: 24, stencil: 8, acc: 0000, samples: 0/0
display  D   display_settings.c:527  _al_score_display_settings       [   0.31484] Score is : 769
display  D   display_settings.c:212  debug_display_settings           [   0.31490] color: 16 (rgba 5650), depth: 24, stencil: 0, acc: 0000, samples: 0/0
display  D   display_settings.c:527  _al_score_display_settings       [   0.31497] Score is : 769
display  D   display_settings.c:212  debug_display_settings           [   0.31503] color: 16 (rgba 5650), depth: 24, stencil: 0, acc: 0000, samples: 0/0
display  D   display_settings.c:527  _al_score_display_settings       [   0.31511] Score is : 769
display  D   display_settings.c:212  debug_display_settings           [   0.31517] color: 16 (rgba 5650), depth: 16, stencil: 0, acc: 0000, samples: 0/0
display  D   display_settings.c:527  _al_score_display_settings       [   0.31524] Score is : 769
display  D   display_settings.c:212  debug_display_settings           [   0.31530] color: 16 (rgba 5650), depth: 16, stencil: 0, acc: 0000, samples: 0/0
display  D   display_settings.c:527  _al_score_display_settings       [   0.31538] Score is : 769
display  D   display_settings.c:212  debug_display_settings           [   0.31544] color: 32 (rgba 8880), depth: 0, stencil: 0, acc: 0000, samples: 0/0
display  D   display_settings.c:398  _al_score_display_settings       [   0.31551] Single Buffer requirement not met.
display  D   display_settings.c:212  debug_display_settings           [   0.31557] color: 32 (rgba 8880), depth: 0, stencil: 0, acc: 0000, samples: 0/0
display  D   display_settings.c:398  _al_score_display_settings       [   0.31565] Single Buffer requirement not met.
display  D   display_settings.c:212  debug_display_settings           [   0.31571] color: 32 (rgba 8880), depth: 24, stencil: 8, acc: 0000, samples: 0/0
display  D   display_settings.c:398  _al_score_display_settings       [   0.31578] Single Buffer requirement not met.
display  D   display_settings.c:212  debug_display_settings           [   0.31585] color: 32 (rgba 8880), depth: 24, stencil: 8, acc: 0000, samples: 0/0
display  D   display_settings.c:398  _al_score_display_settings       [   0.31592] Single Buffer requirement not met.
display  D   display_settings.c:212  debug_display_settings           [   0.31598] color: 32 (rgba 8880), depth: 24, stencil: 0, acc: 0000, samples: 0/0
display  D   display_settings.c:398  _al_score_display_settings       [   0.31606] Single Buffer requirement not met.
display  D   display_settings.c:212  debug_display_settings           [   0.31612] color: 32 (rgba 8880), depth: 24, stencil: 0, acc: 0000, samples: 0/0
display  D   display_settings.c:398  _al_score_display_settings       [   0.31619] Single Buffer requirement not met.
display  D   display_settings.c:212  debug_display_settings           [   0.31625] color: 32 (rgba 8880), depth: 16, stencil: 0, acc: 0000, samples: 0/0
display  D   display_settings.c:398  _al_score_display_settings       [   0.31638] Single Buffer requirement not met.
display  D   display_settings.c:212  debug_display_settings           [   0.31645] color: 32 (rgba 8880), depth: 16, stencil: 0, acc: 0000, samples: 0/0
display  D   display_settings.c:398  _al_score_display_settings       [   0.31653] Single Buffer requirement not met.
display  D   display_settings.c:212  debug_display_settings           [   0.31659] color: 16 (rgba 5650), depth: 0, stencil: 0, acc: 0000, samples: 0/0
display  D   display_settings.c:398  _al_score_display_settings       [   0.31666] Single Buffer requirement not met.
display  D   display_settings.c:212  debug_display_settings           [   0.31672] color: 16 (rgba 5650), depth: 0, stencil: 0, acc: 0000, samples: 0/0
display  D   display_settings.c:398  _al_score_display_settings       [   0.31680] Single Buffer requirement not met.
display  D   display_settings.c:212  debug_display_settings           [   0.31686] color: 16 (rgba 5650), depth: 24, stencil: 8, acc: 0000, samples: 0/0
display  D   display_settings.c:398  _al_score_display_settings       [   0.31694] Single Buffer requirement not met.
display  D   display_settings.c:212  debug_display_settings           [   0.31700] color: 16 (rgba 5650), depth: 24, stencil: 8, acc: 0000, samples: 0/0
display  D   display_settings.c:398  _al_score_display_settings       [   0.31710] Single Buffer requirement not met.
display  D   display_settings.c:212  debug_display_settings           [   0.31716] color: 16 (rgba 5650), depth: 24, stencil: 0, acc: 0000, samples: 0/0
display  D   display_settings.c:398  _al_score_display_settings       [   0.31724] Single Buffer requirement not met.
display  D   display_settings.c:212  debug_display_settings           [   0.31730] color: 16 (rgba 5650), depth: 24, stencil: 0, acc: 0000, samples: 0/0
display  D   display_settings.c:398  _al_score_display_settings       [   0.31737] Single Buffer requirement not met.
display  D   display_settings.c:212  debug_display_settings           [   0.31743] color: 16 (rgba 5650), depth: 16, stencil: 0, acc: 0000, samples: 0/0
display  D   display_settings.c:398  _al_score_display_settings       [   0.31751] Single Buffer requirement not met.
display  D   display_settings.c:212  debug_display_settings           [   0.31757] color: 16 (rgba 5650), depth: 16, stencil: 0, acc: 0000, samples: 0/0
display  D   display_settings.c:398  _al_score_display_settings       [   0.31764] Single Buffer requirement not met.
d3d      D         d3d_disp.cpp:1669 d3d_create_display_internals     [   0.31773] Trying format 0.
d3d      I         d3d_disp.cpp:1344 d3d_display_thread_proc          [   0.32902] Chose a display format: 23
d3d      I         d3d_disp.cpp:1413 d3d_display_thread_proc          [   0.32913] Normal window.
d3d      I         d3d_disp.cpp:781  d3d_create_device                [   0.36449] Using no depth stencil buffer
d3d      D         d3d_disp.cpp:839  d3d_create_device                [   0.39799] BeginScene succeeded in create_device
d3d      D         d3d_disp.cpp:847  d3d_create_device                [   0.39810] Success
d3d      D         d3d_disp.cpp:1692 d3d_create_display_internals     [   0.39822] Resumed after wait.
d3d      I         d3d_disp.cpp:1725 d3d_create_display_internals     [   0.39832] Format 0 succeeded.
d3d      D         d3d_disp.cpp:1756 d3d_create_display_internals     [   0.39842] Returning d3d_display: 00784540
d3d      D         d3d_disp.cpp:1781 d3d_create_display_locked        [   0.39850] al_display=00784540
d3d      D         d3d_disp.cpp:1782 d3d_create_display_locked        [   0.39856] al_display->vt=007A2E30
system   D            wsystem.c:721  maybe_parent_dir                 [   0.40069] Also searching C:\Users\Dawid\Documents\Visual Studio 2015\Projects\Project4\
system   D            wsystem.c:771  _al_win_safe_load_library        [   0.40132] PathFindOnPath found: C:\Windows\system32\d3dx9_43.dll
system   D            wsystem.c:682  load_library_at_path             [   0.40141] Calling LoadLibrary C:\Windows\system32\d3dx9_43.dll
system   I            wsystem.c:685  load_library_at_path             [   0.41849] Loaded C:\Windows\system32\d3dx9_43.dll
d3dx9    I        d3d_d3dx9.cpp:88   _imp_load_d3dx9_module_version   [   0.41864] Module "d3dx9_43.dll" loaded.
dtor     D               dtor.c:196  _al_register_destructor          [   0.41898] added dtor for queue 007D3DC0, func 0F612379
dtor     D               dtor.c:196  _al_register_destructor          [   0.41907] added dtor for timer 007B3E80, func 0F611730
stdio    D         file_stdio.c:105  file_stdio_fopen                 [   0.41926] opening spadochroniarzLEWO.png rb
d3d      D         d3d_disp.cpp:1188 real_choose_bitmap_format        [   0.42047] Fake format
d3d      D         d3d_disp.cpp:1188 real_choose_bitmap_format        [   0.42057] Fake format
d3d      D         d3d_disp.cpp:1188 real_choose_bitmap_format        [   0.42064] Fake format
d3d      D         d3d_disp.cpp:1188 real_choose_bitmap_format        [   0.42071] Fake format
d3d      D         d3d_disp.cpp:1188 real_choose_bitmap_format        [   0.42078] Fake format
d3d      D         d3d_disp.cpp:1188 real_choose_bitmap_format        [   0.42085] Fake format
d3d      D         d3d_disp.cpp:1188 real_choose_bitmap_format        [   0.42092] Fake format
d3d      D         d3d_disp.cpp:1188 real_choose_bitmap_format        [   0.42098] Fake format
d3d      D         d3d_disp.cpp:1188 real_choose_bitmap_format        [   0.42106] Fake format
d3d      D         d3d_disp.cpp:1196 real_choose_bitmap_format        [   0.42113] Alpha doesn't match
d3d      D         d3d_disp.cpp:1203 real_choose_bitmap_format        [   0.42121] Adapter format is 23
d3d      D         d3d_disp.cpp:1206 real_choose_bitmap_format        [   0.42130] Found a format
d3d      I         d3d_disp.cpp:2378 d3d_create_bitmap                [   0.42141] Chose bitmap format 9
dtor     D               dtor.c:196  _al_register_destructor          [   0.42184] added dtor for bitmap 007D78E8, func 0F61222A
d3d      D          d3d_bmp.cpp:539  _al_d3d_sync_bitmap              [   0.42938] _al_d3d_sync_bitmap (system) ref count == 1
d3d      D          d3d_bmp.cpp:545  _al_d3d_sync_bitmap              [   0.42950] _al_d3d_sync_bitmap (video) ref count == 1
stdio    D         file_stdio.c:105  file_stdio_fopen                 [   0.43258] opening spadochroniarzPRAWO.png rb
d3d      D         d3d_disp.cpp:1188 real_choose_bitmap_format        [   0.43324] Fake format
d3d      D         d3d_disp.cpp:1188 real_choose_bitmap_format        [   0.43332] Fake format
d3d      D         d3d_disp.cpp:1188 real_choose_bitmap_format        [   0.43339] Fake format
d3d      D         d3d_disp.cpp:1188 real_choose_bitmap_format        [   0.43345] Fake format
d3d      D         d3d_disp.cpp:1188 real_choose_bitmap_format        [   0.43349] Fake format
d3d      D         d3d_disp.cpp:1188 real_choose_bitmap_format        [   0.43353] Fake format
d3d      D         d3d_disp.cpp:1188 real_choose_bitmap_format        [   0.43360] Fake format
d3d      D         d3d_disp.cpp:1188 real_choose_bitmap_format        [   0.43367] Fake format
d3d      D         d3d_disp.cpp:1188 real_choose_bitmap_format        [   0.43372] Fake format
d3d      D         d3d_disp.cpp:1196 real_choose_bitmap_format        [   0.43377] Alpha doesn't match
d3d      D         d3d_disp.cpp:1203 real_choose_bitmap_format        [   0.43381] Adapter format is 23
d3d      D         d3d_disp.cpp:1206 real_choose_bitmap_format        [   0.43388] Found a format
d3d      I         d3d_disp.cpp:2378 d3d_create_bitmap                [   0.43396] Chose bitmap format 9
dtor     D               dtor.c:196  _al_register_destructor          [   0.43430] added dtor for bitmap 007D9210, func 0F61222A
d3d      D          d3d_bmp.cpp:539  _al_d3d_sync_bitmap              [   0.43517] _al_d3d_sync_bitmap (system) ref count == 1
d3d      D          d3d_bmp.cpp:545  _al_d3d_sync_bitmap              [   0.43534] _al_d3d_sync_bitmap (video) ref count == 1
stdio    D         file_stdio.c:105  file_stdio_fopen                 [   0.43640] opening spadochroniarzPROSTO.png rb
d3d      D         d3d_disp.cpp:1188 real_choose_bitmap_format        [   0.43706] Fake format
d3d      D         d3d_disp.cpp:1188 real_choose_bitmap_format        [   0.43714] Fake format
d3d      D         d3d_disp.cpp:1188 real_choose_bitmap_format        [   0.43722] Fake format
d3d      D         d3d_disp.cpp:1188 real_choose_bitmap_format        [   0.43729] Fake format
d3d      D         d3d_disp.cpp:1188 real_choose_bitmap_format        [   0.43736] Fake format
d3d      D         d3d_disp.cpp:1188 real_choose_bitmap_format        [   0.43744] Fake format
d3d      D         d3d_disp.cpp:1188 real_choose_bitmap_format        [   0.43751] Fake format
d3d      D         d3d_disp.cpp:1188 real_choose_bitmap_format        [   0.43759] Fake format
d3d      D         d3d_disp.cpp:1188 real_choose_bitmap_format        [   0.43766] Fake format
d3d      D         d3d_disp.cpp:1196 real_choose_bitmap_format        [   0.43773] Alpha doesn't match
d3d      D         d3d_disp.cpp:1203 real_choose_bitmap_format        [   0.43780] Adapter format is 23
d3d      D         d3d_disp.cpp:1206 real_choose_bitmap_format        [   0.43788] Found a format
d3d      I         d3d_disp.cpp:2378 d3d_create_bitmap                [   0.43796] Chose bitmap format 9
dtor     D               dtor.c:196  _al_register_destructor          [   0.43830] added dtor for bitmap 007DAB38, func 0F61222A
d3d      D          d3d_bmp.cpp:539  _al_d3d_sync_bitmap              [   0.43914] _al_d3d_sync_bitmap (system) ref count == 1
d3d      D          d3d_bmp.cpp:545  _al_d3d_sync_bitmap              [   0.43925] _al_d3d_sync_bitmap (video) ref count == 1
stdio    D         file_stdio.c:105  file_stdio_fopen                 [   0.44020] opening deska.png rb
d3d      D         d3d_disp.cpp:1188 real_choose_bitmap_format        [   0.44144] Fake format
d3d      D         d3d_disp.cpp:1188 real_choose_bitmap_format        [   0.44154] Fake format
d3d      D         d3d_disp.cpp:1188 real_choose_bitmap_format        [   0.44161] Fake format
d3d      D         d3d_disp.cpp:1188 real_choose_bitmap_format        [   0.44168] Fake format
d3d      D         d3d_disp.cpp:1188 real_choose_bitmap_format        [   0.44175] Fake format
d3d      D         d3d_disp.cpp:1188 real_choose_bitmap_format        [   0.44182] Fake format
d3d      D         d3d_disp.cpp:1188 real_choose_bitmap_format        [   0.44188] Fake format
d3d      D         d3d_disp.cpp:1188 real_choose_bitmap_format        [   0.44195] Fake format
d3d      D         d3d_disp.cpp:1188 real_choose_bitmap_format        [   0.44202] Fake format
d3d      D         d3d_disp.cpp:1196 real_choose_bitmap_format        [   0.44209] Alpha doesn't match
d3d      D         d3d_disp.cpp:1203 real_choose_bitmap_format        [   0.44216] Adapter format is 23
d3d      D         d3d_disp.cpp:1206 real_choose_bitmap_format        [   0.44223] Found a format
d3d      I         d3d_disp.cpp:2378 d3d_create_bitmap                [   0.44230] Chose bitmap format 9
dtor     D               dtor.c:196  _al_register_destructor          [   0.44251] added dtor for bitmap 007E6448, func 0F61222A
d3d      D          d3d_bmp.cpp:539  _al_d3d_sync_bitmap              [   0.44350] _al_d3d_sync_bitmap (system) ref count == 1
d3d      D          d3d_bmp.cpp:545  _al_d3d_sync_bitmap              [   0.44360] _al_d3d_sync_bitmap (video) ref count == 1
stdio    D         file_stdio.c:105  file_stdio_fopen                 [   0.44434] opening 5zlotych.png rb
d3d      D         d3d_disp.cpp:1188 real_choose_bitmap_format        [   0.44506] Fake format
d3d      D         d3d_disp.cpp:1188 real_choose_bitmap_format        [   0.44514] Fake format
d3d      D         d3d_disp.cpp:1188 real_choose_bitmap_format        [   0.44520] Fake format
d3d      D         d3d_disp.cpp:1188 real_choose_bitmap_format        [   0.44526] Fake format
d3d      D         d3d_disp.cpp:1188 real_choose_bitmap_format        [   0.44533] Fake format
d3d      D         d3d_disp.cpp:1188 real_choose_bitmap_format        [   0.44540] Fake format
d3d      D         d3d_disp.cpp:1188 real_choose_bitmap_format        [   0.44546] Fake format
d3d      D         d3d_disp.cpp:1188 real_choose_bitmap_format        [   0.44551] Fake format
d3d      D         d3d_disp.cpp:1188 real_choose_bitmap_format        [   0.44557] Fake format
d3d      D         d3d_disp.cpp:1196 real_choose_bitmap_format        [   0.44563] Alpha doesn't match
d3d      D         d3d_disp.cpp:1203 real_choose_bitmap_format        [   0.44569] Adapter format is 23
d3d      D         d3d_disp.cpp:1206 real_choose_bitmap_format        [   0.44576] Found a format
d3d      I         d3d_disp.cpp:2378 d3d_create_bitmap                [   0.44582] Chose bitmap format 9
dtor     D               dtor.c:196  _al_register_destructor          [   0.44601] added dtor for bitmap 007D75E0, func 0F61222A
d3d      D          d3d_bmp.cpp:539  _al_d3d_sync_bitmap              [   0.44678] _al_d3d_sync_bitmap (system) ref count == 1
d3d      D          d3d_bmp.cpp:545  _al_d3d_sync_bitmap              [   0.44687] _al_d3d_sync_bitmap (video) ref count == 1
stdio    D         file_stdio.c:105  file_stdio_fopen                 [   0.44932] opening serce.png rb
d3d      D         d3d_disp.cpp:1188 real_choose_bitmap_format        [   0.45009] Fake format
d3d      D         d3d_disp.cpp:1188 real_choose_bitmap_format        [   0.45019] Fake format
d3d      D         d3d_disp.cpp:1188 real_choose_bitmap_format        [   0.45026] Fake format
d3d      D         d3d_disp.cpp:1188 real_choose_bitmap_format        [   0.45032] Fake format
d3d      D         d3d_disp.cpp:1188 real_choose_bitmap_format        [   0.45039] Fake format
d3d      D         d3d_disp.cpp:1188 real_choose_bitmap_format        [   0.45046] Fake format
d3d      D         d3d_disp.cpp:1188 real_choose_bitmap_format        [   0.45052] Fake format
d3d      D         d3d_disp.cpp:1188 real_choose_bitmap_format        [   0.45059] Fake format
d3d      D         d3d_disp.cpp:1188 real_choose_bitmap_format        [   0.45066] Fake format
d3d      D         d3d_disp.cpp:1196 real_choose_bitmap_format        [   0.45073] Alpha doesn't match
d3d      D         d3d_disp.cpp:1203 real_choose_bitmap_format        [   0.45079] Adapter format is 23
d3d      D         d3d_disp.cpp:1206 real_choose_bitmap_format        [   0.45086] Found a format
d3d      I         d3d_disp.cpp:2378 d3d_create_bitmap                [   0.45093] Chose bitmap format 9
dtor     D               dtor.c:196  _al_register_destructor          [   0.45138] added dtor for bitmap 007E62C8, func 0F61222A
d3d      D          d3d_bmp.cpp:539  _al_d3d_sync_bitmap              [   0.45271] _al_d3d_sync_bitmap (system) ref count == 1
d3d      D          d3d_bmp.cpp:545  _al_d3d_sync_bitmap              [   0.45285] _al_d3d_sync_bitmap (video) ref count == 1
stdio    D         file_stdio.c:105  file_stdio_fopen                 [   0.45464] opening chmura.png rb
d3d      D         d3d_disp.cpp:1188 real_choose_bitmap_format        [   0.45849] Fake format
d3d      D         d3d_disp.cpp:1188 real_choose_bitmap_format        [   0.45860] Fake format
d3d      D         d3d_disp.cpp:1188 real_choose_bitmap_format        [   0.45868] Fake format
d3d      D         d3d_disp.cpp:1188 real_choose_bitmap_format        [   0.45875] Fake format
d3d      D         d3d_disp.cpp:1188 real_choose_bitmap_format        [   0.45881] Fake format
d3d      D         d3d_disp.cpp:1188 real_choose_bitmap_format        [   0.45887] Fake format
d3d      D         d3d_disp.cpp:1188 real_choose_bitmap_format        [   0.45893] Fake format
d3d      D         d3d_disp.cpp:1188 real_choose_bitmap_format        [   0.45899] Fake format
d3d      D         d3d_disp.cpp:1188 real_choose_bitmap_format        [   0.45907] Fake format
d3d      D         d3d_disp.cpp:1196 real_choose_bitmap_format        [   0.45913] Alpha doesn't match
d3d      D         d3d_disp.cpp:1203 real_choose_bitmap_format        [   0.45925] Adapter format is 23
d3d      D         d3d_disp.cpp:1206 real_choose_bitmap_format        [   0.45932] Found a format
d3d      I         d3d_disp.cpp:2378 d3d_create_bitmap                [   0.45938] Chose bitmap format 9
dtor     D               dtor.c:196  _al_register_destructor          [   0.45985] added dtor for bitmap 007E8DE8, func 0F61222A
d3d      D          d3d_bmp.cpp:539  _al_d3d_sync_bitmap              [   0.46556] _al_d3d_sync_bitmap (system) ref count == 1
d3d      D          d3d_bmp.cpp:545  _al_d3d_sync_bitmap              [   0.46578] _al_d3d_sync_bitmap (video) ref count == 1
stdio    D         file_stdio.c:105  file_stdio_fopen                 [   0.48809] opening chmura.png rb
d3d      D         d3d_disp.cpp:1188 real_choose_bitmap_format        [   0.49239] Fake format
d3d      D         d3d_disp.cpp:1188 real_choose_bitmap_format        [   0.49249] Fake format
d3d      D         d3d_disp.cpp:1188 real_choose_bitmap_format        [   0.49255] Fake format
d3d      D         d3d_disp.cpp:1188 real_choose_bitmap_format        [   0.49262] Fake format
d3d      D         d3d_disp.cpp:1188 real_choose_bitmap_format        [   0.49270] Fake format
d3d      D         d3d_disp.cpp:1188 real_choose_bitmap_format        [   0.49277] Fake format
d3d      D         d3d_disp.cpp:1188 real_choose_bitmap_format        [   0.49284] Fake format
d3d      D         d3d_disp.cpp:1188 real_choose_bitmap_format        [   0.49290] Fake format
d3d      D         d3d_disp.cpp:1188 real_choose_bitmap_format        [   0.49297] Fake format
d3d      D         d3d_disp.cpp:1196 real_choose_bitmap_format        [   0.49309] Alpha doesn't match
d3d      D         d3d_disp.cpp:1203 real_choose_bitmap_format        [   0.49316] Adapter format is 23
d3d      D         d3d_disp.cpp:1206 real_choose_bitmap_format        [   0.49323] Found a format
d3d      I         d3d_disp.cpp:2378 d3d_create_bitmap                [   0.49330] Chose bitmap format 9
dtor     D               dtor.c:196  _al_register_destructor          [   0.49376] added dtor for bitmap 007E8B98, func 0F61222A
d3d      D          d3d_bmp.cpp:539  _al_d3d_sync_bitmap              [   0.50024] _al_d3d_sync_bitmap (system) ref count == 1
d3d      D          d3d_bmp.cpp:545  _al_d3d_sync_bitmap              [   0.50046] _al_d3d_sync_bitmap (video) ref count == 1
stdio    D         file_stdio.c:105  file_stdio_fopen                 [   0.52647] opening chmura.png rb
d3d      D         d3d_disp.cpp:1188 real_choose_bitmap_format        [   0.53026] Fake format
d3d      D         d3d_disp.cpp:1188 real_choose_bitmap_format        [   0.53036] Fake format
d3d      D         d3d_disp.cpp:1188 real_choose_bitmap_format        [   0.53043] Fake format
d3d      D         d3d_disp.cpp:1188 real_choose_bitmap_format        [   0.53050] Fake format
d3d      D         d3d_disp.cpp:1188 real_choose_bitmap_format        [   0.53057] Fake format
d3d      D         d3d_disp.cpp:1188 real_choose_bitmap_format        [   0.53063] Fake format
d3d      D         d3d_disp.cpp:1188 real_choose_bitmap_format        [   0.53070] Fake format
d3d      D         d3d_disp.cpp:1188 real_choose_bitmap_format        [   0.53076] Fake format
d3d      D         d3d_disp.cpp:1188 real_choose_bitmap_format        [   0.53082] Fake format
d3d      D         d3d_disp.cpp:1196 real_choose_bitmap_format        [   0.53089] Alpha doesn't match
d3d      D         d3d_disp.cpp:1203 real_choose_bitmap_format        [   0.53095] Adapter format is 23
d3d      D         d3d_disp.cpp:1206 real_choose_bitmap_format        [   0.53102] Found a format
d3d      I         d3d_disp.cpp:2378 d3d_create_bitmap                [   0.53109] Chose bitmap format 9
dtor     D               dtor.c:196  _al_register_destructor          [   0.53156] added dtor for bitmap 007D7288, func 0F61222A
d3d      D          d3d_bmp.cpp:539  _al_d3d_sync_bitmap              [   0.53957] _al_d3d_sync_bitmap (system) ref count == 1
d3d      D          d3d_bmp.cpp:545  _al_d3d_sync_bitmap              [   0.53979] _al_d3d_sync_bitmap (video) ref count == 1
stdio    D         file_stdio.c:105  file_stdio_fopen                 [   0.56671] opening ARIALNBI.TTF rb
font     D                ttf.c:937  al_load_ttf_font_stretch_f       [   0.57044] Font ARIALNBI.TTF loaded with pixel size 0 x 18.
font     D                ttf.c:939  al_load_ttf_font_stretch_f       [   0.57057]     ascent=17.0, descent=-4.0, height=21.0
dtor     D               dtor.c:196  _al_register_destructor          [   0.57069] added dtor for ttf_font 0078AF98, func 5D2F105A
stdio    D         file_stdio.c:105  file_stdio_fopen                 [   0.57081] opening ARIALNBI.TTF rb
font     D                ttf.c:937  al_load_ttf_font_stretch_f       [   0.57411] Font ARIALNBI.TTF loaded with pixel size 0 x 32.
font     D                ttf.c:939  al_load_ttf_font_stretch_f       [   0.57422]     ascent=30.0, descent=-7.0, height=37.0
dtor     D               dtor.c:196  _al_register_destructor          [   0.57431] added dtor for ttf_font 0078B058, func 5D2F105A
stdio    D         file_stdio.c:105  file_stdio_fopen                 [   0.57439] opening ARIALNBI.TTF rb
font     D                ttf.c:937  al_load_ttf_font_stretch_f       [   0.57591] Font ARIALNBI.TTF loaded with pixel size 0 x 48.
font     D                ttf.c:939  al_load_ttf_font_stretch_f       [   0.57601]     ascent=45.0, descent=-10.0, height=55.0
dtor     D               dtor.c:196  _al_register_destructor          [   0.57610] added dtor for ttf_font 0078B118, func 5D2F105A
d3d      D         d3d_disp.cpp:1188 real_choose_bitmap_format        [   0.61166] Fake format
d3d      D         d3d_disp.cpp:1188 real_choose_bitmap_format        [   0.61174] Fake format
d3d      D         d3d_disp.cpp:1188 real_choose_bitmap_format        [   0.61179] Fake format
d3d      D         d3d_disp.cpp:1188 real_choose_bitmap_format        [   0.61183] Fake format
d3d      D         d3d_disp.cpp:1188 real_choose_bitmap_format        [   0.61187] Fake format
d3d      D         d3d_disp.cpp:1188 real_choose_bitmap_format        [   0.61191] Fake format
d3d      D         d3d_disp.cpp:1188 real_choose_bitmap_format        [   0.61195] Fake format
d3d      D         d3d_disp.cpp:1188 real_choose_bitmap_format        [   0.61200] Fake format
d3d      D         d3d_disp.cpp:1188 real_choose_bitmap_format        [   0.61206] Fake format
d3d      D         d3d_disp.cpp:1196 real_choose_bitmap_format        [   0.61213] Alpha doesn't match
d3d      D         d3d_disp.cpp:1203 real_choose_bitmap_format        [   0.61220] Adapter format is 23
d3d      D         d3d_disp.cpp:1206 real_choose_bitmap_format        [   0.61227] Found a format
d3d      I         d3d_disp.cpp:2378 d3d_create_bitmap                [   0.61234] Chose bitmap format 9
font     D                ttf.c:238  alloc_glyph_region               [   0.61445] Glyph 54: 27x36 (28x36)
font     D                ttf.c:282  alloc_glyph_region               [   0.61458] Locking glyph region: 063912F8 0 0 28 36
font     D                ttf.c:166  unlock_current_page              [   0.62116] Unlocking page: 063912F8
font     D                ttf.c:238  alloc_glyph_region               [   0.62194] Glyph 51: 28x36 (28x36)
font     D                ttf.c:282  alloc_glyph_region               [   0.62217] Locking glyph region: 063912F8 28 0 28 36
font     D                ttf.c:166  unlock_current_page              [   0.62278] Unlocking page: 063912F8
font     D                ttf.c:238  alloc_glyph_region               [   0.62330] Glyph 36: 30x36 (32x36)
font     D                ttf.c:282  alloc_glyph_region               [   0.62349] Locking glyph region: 063912F8 56 0 32 36
font     D                ttf.c:166  unlock_current_page              [   0.62391] Unlocking page: 063912F8
font     D                ttf.c:238  alloc_glyph_region               [   0.62441] Glyph 39: 28x36 (28x36)
font     D                ttf.c:282  alloc_glyph_region               [   0.62460] Locking glyph region: 063912F8 88 0 28 36
font     D                ttf.c:166  unlock_current_page              [   0.62524] Unlocking page: 063912F8
font     D                ttf.c:238  alloc_glyph_region               [   0.62573] Glyph 50: 30x36 (32x36)
font     D                ttf.c:282  alloc_glyph_region               [   0.62589] Locking glyph region: 063912F8 116 0 32 36
font     D                ttf.c:166  unlock_current_page              [   0.62623] Unlocking page: 063912F8
font     D                ttf.c:238  alloc_glyph_region               [   0.62640] Glyph 38: 27x36 (28x36)
font     D                ttf.c:282  alloc_glyph_region               [   0.62645] Locking glyph region: 063912F8 148 0 28 36
font     D                ttf.c:166  unlock_current_page              [   0.62680] Unlocking page: 063912F8
font     D                ttf.c:238  alloc_glyph_region               [   0.62698] Glyph 43: 31x36 (32x36)
font     D                ttf.c:282  alloc_glyph_region               [   0.62703] Locking glyph region: 063912F8 176 0 32 36
font     D                ttf.c:166  unlock_current_page              [   0.62719] Unlocking page: 063912F8
font     D                ttf.c:238  alloc_glyph_region               [   0.62736] Glyph 53: 29x36 (32x36)
font     D                ttf.c:282  alloc_glyph_region               [   0.62741] Locking glyph region: 063912F8 208 0 32 36
font     D                ttf.c:166  unlock_current_page              [   0.62759] Unlocking page: 063912F8
font     D                ttf.c:238  alloc_glyph_region               [   0.62780] Glyph 49: 30x36 (32x36)
font     D                ttf.c:282  alloc_glyph_region               [   0.62786] Locking glyph region: 063912F8 240 0 32 36
font     D                ttf.c:166  unlock_current_page              [   0.62806] Unlocking page: 063912F8
font     D                ttf.c:238  alloc_glyph_region               [   0.62820] Glyph 44: 14x36 (16x36)
font     D                ttf.c:282  alloc_glyph_region               [   0.62826] Locking glyph region: 063912F8 272 0 16 36
font     D                ttf.c:166  unlock_current_page              [   0.62843] Unlocking page: 063912F8
font     D                ttf.c:238  alloc_glyph_region               [   0.62865] Glyph 61: 27x36 (28x36)
font     D                ttf.c:282  alloc_glyph_region               [   0.62873] Locking glyph region: 063912F8 288 0 28 36
font     D                ttf.c:166  unlock_current_page              [   0.62897] Unlocking page: 063912F8
d3d      D         d3d_disp.cpp:1188 real_choose_bitmap_format        [   0.62972] Fake format
d3d      D         d3d_disp.cpp:1188 real_choose_bitmap_format        [   0.62981] Fake format
d3d      D         d3d_disp.cpp:1188 real_choose_bitmap_format        [   0.62988] Fake format
d3d      D         d3d_disp.cpp:1188 real_choose_bitmap_format        [   0.62995] Fake format
d3d      D         d3d_disp.cpp:1188 real_choose_bitmap_format        [   0.63002] Fake format
d3d      D         d3d_disp.cpp:1188 real_choose_bitmap_format        [   0.63009] Fake format
d3d      D         d3d_disp.cpp:1188 real_choose_bitmap_format        [   0.63016] Fake format
d3d      D         d3d_disp.cpp:1188 real_choose_bitmap_format        [   0.63022] Fake format
d3d      D         d3d_disp.cpp:1188 real_choose_bitmap_format        [   0.63028] Fake format
d3d      D         d3d_disp.cpp:1196 real_choose_bitmap_format        [   0.63035] Alpha doesn't match
d3d      D         d3d_disp.cpp:1203 real_choose_bitmap_format        [   0.63042] Adapter format is 23
d3d      D         d3d_disp.cpp:1206 real_choose_bitmap_format        [   0.63049] Found a format
d3d      I         d3d_disp.cpp:2378 d3d_create_bitmap                [   0.63056] Chose bitmap format 9
font     D                ttf.c:238  alloc_glyph_region               [   0.63106] Glyph 49: 13x15 (16x16)
font     D                ttf.c:282  alloc_glyph_region               [   0.63114] Locking glyph region: 06394CF0 0 0 16 16
font     D                ttf.c:166  unlock_current_page              [   0.63371] Unlocking page: 06394CF0
font     D                ttf.c:238  alloc_glyph_region               [   0.63396] Glyph 68: 10x11 (12x12)
font     D                ttf.c:282  alloc_glyph_region               [   0.63403] Locking glyph region: 06394CF0 16 0 12 12
font     D                ttf.c:166  unlock_current_page              [   0.63418] Unlocking page: 06394CF0
font     D                ttf.c:238  alloc_glyph_region               [   0.63432] Glyph 70: 9x11 (12x12)
font     D                ttf.c:282  alloc_glyph_region               [   0.63438] Locking glyph region: 06394CF0 28 0 12 12
font     D                ttf.c:166  unlock_current_page              [   0.63449] Unlocking page: 06394CF0
font     D                ttf.c:238  alloc_glyph_region               [   0.63462] Glyph 76: 7x15 (8x16)
font     D                ttf.c:282  alloc_glyph_region               [   0.63468] Locking glyph region: 06394CF0 40 0 8 16
font     D                ttf.c:166  unlock_current_page              [   0.63479] Unlocking page: 06394CF0
font     D                ttf.c:238  alloc_glyph_region               [   0.63493] Glyph 86: 11x11 (12x12)
font     D                ttf.c:282  alloc_glyph_region               [   0.63499] Locking glyph region: 06394CF0 48 0 12 12
font     D                ttf.c:166  unlock_current_page              [   0.63515] Unlocking page: 06394CF0
font     D                ttf.c:238  alloc_glyph_region               [   0.63538] Glyph 81: 11x11 (12x12)
font     D                ttf.c:282  alloc_glyph_region               [   0.63547] Locking glyph region: 06394CF0 60 0 12 12
font     D                ttf.c:166  unlock_current_page              [   0.63565] Unlocking page: 06394CF0
font     D                ttf.c:238  alloc_glyph_region               [   0.63587] Glyph 77: 10x19 (12x20)
font     D                ttf.c:282  alloc_glyph_region               [   0.63595] Locking glyph region: 06394CF0 72 0 12 20
font     D                ttf.c:166  unlock_current_page              [   0.63614] Unlocking page: 06394CF0
font     D                ttf.c:440  cache_glyph                      [   0.63628] Glyph 3 has zero size.
font     D                ttf.c:238  alloc_glyph_region               [   0.63648] Glyph 20: 8x15 (8x16)
font     D                ttf.c:282  alloc_glyph_region               [   0.63656] Locking glyph region: 06394CF0 84 0 8 16
font     D                ttf.c:166  unlock_current_page              [   0.63675] Unlocking page: 06394CF0
font     D                ttf.c:238  alloc_glyph_region               [   0.63696] Glyph 79: 7x15 (8x16)
font     D                ttf.c:282  alloc_glyph_region               [   0.63706] Locking glyph region: 06394CF0 92 0 8 16
font     D                ttf.c:166  unlock_current_page              [   0.63730] Unlocking page: 06394CF0
font     D                ttf.c:238  alloc_glyph_region               [   0.63751] Glyph 88: 11x11 (12x12)
font     D                ttf.c:282  alloc_glyph_region               [   0.63757] Locking glyph region: 06394CF0 100 0 12 12
font     D                ttf.c:166  unlock_current_page              [   0.63771] Unlocking page: 06394CF0
font     D                ttf.c:238  alloc_glyph_region               [   0.63788] Glyph 69: 10x15 (12x16)
font     D                ttf.c:282  alloc_glyph_region               [   0.63794] Locking glyph region: 06394CF0 112 0 12 16
font     D                ttf.c:166  unlock_current_page              [   0.63813] Unlocking page: 06394CF0
font     D                ttf.c:238  alloc_glyph_region               [   0.63827] Glyph 21: 9x15 (12x16)
font     D                ttf.c:282  alloc_glyph_region               [   0.63832] Locking glyph region: 06394CF0 124 0 12 16
font     D                ttf.c:166  unlock_current_page              [   0.63845] Unlocking page: 06394CF0
d3d      D         d3d_disp.cpp:1188 real_choose_bitmap_format        [   0.63881] Fake format
d3d      D         d3d_disp.cpp:1188 real_choose_bitmap_format        [   0.63887] Fake format
d3d      D         d3d_disp.cpp:1188 real_choose_bitmap_format        [   0.63892] Fake format
d3d      D         d3d_disp.cpp:1188 real_choose_bitmap_format        [   0.63896] Fake format
d3d      D         d3d_disp.cpp:1188 real_choose_bitmap_format        [   0.63900] Fake format
d3d      D         d3d_disp.cpp:1188 real_choose_bitmap_format        [   0.63905] Fake format
d3d      D         d3d_disp.cpp:1188 real_choose_bitmap_format        [   0.63909] Fake format
d3d      D         d3d_disp.cpp:1188 real_choose_bitmap_format        [   0.63913] Fake format
d3d      D         d3d_disp.cpp:1188 real_choose_bitmap_format        [   0.63917] Fake format
d3d      D         d3d_disp.cpp:1196 real_choose_bitmap_format        [   0.63921] Alpha doesn't match
d3d      D         d3d_disp.cpp:1203 real_choose_bitmap_format        [   0.63925] Adapter format is 23
d3d      D         d3d_disp.cpp:1206 real_choose_bitmap_format        [   0.63930] Found a format
d3d      I         d3d_disp.cpp:2378 d3d_create_bitmap                [   0.63934] Chose bitmap format 9
font     D                ttf.c:238  alloc_glyph_region               [   0.63987] Glyph 20: 14x25 (16x28)
font     D                ttf.c:282  alloc_glyph_region               [   0.63995] Locking glyph region: 074219F0 0 0 16 28
font     D                ttf.c:166  unlock_current_page              [   0.64071] Unlocking page: 074219F0
font     D                ttf.c:238  alloc_glyph_region               [   0.64089] Glyph 17: 6x5 (8x8)
font     D                ttf.c:282  alloc_glyph_region               [   0.64095] Locking glyph region: 074219F0 16 0 8 8
font     D                ttf.c:166  unlock_current_page              [   0.64106] Unlocking page: 074219F0
font     D                ttf.c:440  cache_glyph                      [   0.64115] Glyph 3 has zero size.
font     D                ttf.c:238  alloc_glyph_region               [   0.64131] Glyph 49: 22x25 (24x28)
font     D                ttf.c:282  alloc_glyph_region               [   0.64136] Locking glyph region: 074219F0 24 0 24 28
font     D                ttf.c:166  unlock_current_page              [   0.64148] Unlocking page: 074219F0
font     D                ttf.c:238  alloc_glyph_region               [   0.64163] Glyph 82: 16x19 (16x20)
font     D                ttf.c:282  alloc_glyph_region               [   0.64168] Locking glyph region: 074219F0 48 0 16 20
font     D                ttf.c:166  unlock_current_page              [   0.64179] Unlocking page: 074219F0
font     D                ttf.c:238  alloc_glyph_region               [   0.64195] Glyph 90: 24x19 (24x20)
font     D                ttf.c:282  alloc_glyph_region               [   0.64200] Locking glyph region: 074219F0 64 0 24 20
font     D                ttf.c:166  unlock_current_page              [   0.64214] Unlocking page: 074219F0
font     D                ttf.c:238  alloc_glyph_region               [   0.64231] Glyph 68: 17x19 (20x20)
font     D                ttf.c:282  alloc_glyph_region               [   0.64236] Locking glyph region: 074219F0 88 0 20 20
font     D                ttf.c:166  unlock_current_page              [   0.64248] Unlocking page: 074219F0
font     D                ttf.c:238  alloc_glyph_region               [   0.64266] Glyph 74: 18x25 (20x28)
font     D                ttf.c:282  alloc_glyph_region               [   0.64271] Locking glyph region: 074219F0 108 0 20 28
font     D                ttf.c:166  unlock_current_page              [   0.64283] Unlocking page: 074219F0
font     D                ttf.c:238  alloc_glyph_region               [   0.64297] Glyph 85: 13x19 (16x20)
font     D                ttf.c:282  alloc_glyph_region               [   0.64302] Locking glyph region: 074219F0 128 0 16 20
font     D                ttf.c:166  unlock_current_page              [   0.64316] Unlocking page: 074219F0
font     D                ttf.c:238  alloc_glyph_region               [   0.64340] Glyph 21: 15x25 (16x28)
font     D                ttf.c:282  alloc_glyph_region               [   0.64346] Locking glyph region: 074219F0 144 0 16 28
font     D                ttf.c:166  unlock_current_page              [   0.64367] Unlocking page: 074219F0
font     D                ttf.c:238  alloc_glyph_region               [   0.64384] Glyph 58: 28x25 (28x28)
font     D                ttf.c:282  alloc_glyph_region               [   0.64389] Locking glyph region: 074219F0 160 0 28 28
font     D                ttf.c:166  unlock_current_page              [   0.64401] Unlocking page: 074219F0
font     D                ttf.c:238  alloc_glyph_region               [   0.64419] Glyph 92: 20x25 (20x28)
font     D                ttf.c:282  alloc_glyph_region               [   0.64425] Locking glyph region: 074219F0 188 0 20 28
font     D                ttf.c:166  unlock_current_page              [   0.64437] Unlocking page: 074219F0
font     D                ttf.c:238  alloc_glyph_region               [   0.64452] Glyph 77: 15x31 (16x32)
font     D                ttf.c:282  alloc_glyph_region               [   0.64457] Locking glyph region: 074219F0 208 0 16 32
font     D                ttf.c:166  unlock_current_page              [   0.64469] Unlocking page: 074219F0
font     D                ttf.c:238  alloc_glyph_region               [   0.64484] Glyph 86: 17x19 (20x20)
font     D                ttf.c:282  alloc_glyph_region               [   0.64489] Locking glyph region: 074219F0 224 0 20 20
font     D                ttf.c:166  unlock_current_page              [   0.64500] Unlocking page: 074219F0
font     D                ttf.c:238  alloc_glyph_region               [   0.64518] Glyph 70: 15x19 (16x20)
font     D                ttf.c:282  alloc_glyph_region               [   0.64526] Locking glyph region: 074219F0 244 0 16 20
font     D                ttf.c:166  unlock_current_page              [   0.64540] Unlocking page: 074219F0
font     D                ttf.c:238  alloc_glyph_region               [   0.64558] Glyph 76: 11x25 (12x28)
font     D                ttf.c:282  alloc_glyph_region               [   0.64566] Locking glyph region: 074219F0 260 0 12 28
font     D                ttf.c:166  unlock_current_page              [   0.64580] Unlocking page: 074219F0
font     D                ttf.c:238  alloc_glyph_region               [   0.64599] Glyph 72: 15x19 (16x20)
font     D                ttf.c:282  alloc_glyph_region               [   0.64606] Locking glyph region: 074219F0 272 0 16 20
font     D                ttf.c:166  unlock_current_page              [   0.64617] Unlocking page: 074219F0
font     D                ttf.c:238  alloc_glyph_region               [   0.64631] Glyph 93: 14x19 (16x20)
font     D                ttf.c:282  alloc_glyph_region               [   0.64636] Locking glyph region: 074219F0 288 0 16 20
font     D                ttf.c:166  unlock_current_page              [   0.64648] Unlocking page: 074219F0
d3d      D          d3d_bmp.cpp:539  _al_d3d_sync_bitmap              [   0.64776] _al_d3d_sync_bitmap (system) ref count == 1
d3d      D          d3d_bmp.cpp:545  _al_d3d_sync_bitmap              [   0.64793] _al_d3d_sync_bitmap (video) ref count == 1
d3d      D          d3d_bmp.cpp:539  _al_d3d_sync_bitmap              [   0.65154] _al_d3d_sync_bitmap (system) ref count == 1
d3d      D          d3d_bmp.cpp:545  _al_d3d_sync_bitmap              [   0.65164] _al_d3d_sync_bitmap (video) ref count == 1
d3d      D          d3d_bmp.cpp:539  _al_d3d_sync_bitmap              [   0.65232] _al_d3d_sync_bitmap (system) ref count == 1
d3d      D          d3d_bmp.cpp:545  _al_d3d_sync_bitmap              [   0.65242] _al_d3d_sync_bitmap (video) ref count == 1
d3d      D          d3d_bmp.cpp:539  _al_d3d_sync_bitmap              [   0.65302] _al_d3d_sync_bitmap (system) ref count == 1
d3d      D          d3d_bmp.cpp:545  _al_d3d_sync_bitmap              [   0.65312] _al_d3d_sync_bitmap (video) ref count == 1
d3d      D          d3d_bmp.cpp:539  _al_d3d_sync_bitmap              [   0.65436] _al_d3d_sync_bitmap (system) ref count == 1
d3d      D          d3d_bmp.cpp:545  _al_d3d_sync_bitmap              [   0.65448] _al_d3d_sync_bitmap (video) ref count == 1
d3d      D          d3d_bmp.cpp:539  _al_d3d_sync_bitmap              [   0.65522] _al_d3d_sync_bitmap (system) ref count == 1
d3d      D          d3d_bmp.cpp:545  _al_d3d_sync_bitmap              [   0.65533] _al_d3d_sync_bitmap (video) ref count == 1
d3d      D          d3d_bmp.cpp:539  _al_d3d_sync_bitmap              [   0.65600] _al_d3d_sync_bitmap (system) ref count == 1
d3d      D          d3d_bmp.cpp:545  _al_d3d_sync_bitmap              [   0.65611] _al_d3d_sync_bitmap (video) ref count == 1
d3d      D          d3d_bmp.cpp:539  _al_d3d_sync_bitmap              [   0.65715] _al_d3d_sync_bitmap (system) ref count == 1
d3d      D          d3d_bmp.cpp:545  _al_d3d_sync_bitmap              [   0.65727] _al_d3d_sync_bitmap (video) ref count == 1
d3d      D          d3d_bmp.cpp:539  _al_d3d_sync_bitmap              [   0.65837] _al_d3d_sync_bitmap (system) ref count == 1
d3d      D          d3d_bmp.cpp:545  _al_d3d_sync_bitmap              [   0.65847] _al_d3d_sync_bitmap (video) ref count == 1
d3d      D          d3d_bmp.cpp:539  _al_d3d_sync_bitmap              [   0.65949] _al_d3d_sync_bitmap (system) ref count == 1
d3d      D          d3d_bmp.cpp:545  _al_d3d_sync_bitmap              [   0.65959] _al_d3d_sync_bitmap (video) ref count == 1
d3d      D          d3d_bmp.cpp:539  _al_d3d_sync_bitmap              [   0.66761] _al_d3d_sync_bitmap (system) ref count == 1
d3d      D          d3d_bmp.cpp:545  _al_d3d_sync_bitmap              [   0.66773] _al_d3d_sync_bitmap (video) ref count == 1
d3d      D          d3d_bmp.cpp:539  _al_d3d_sync_bitmap              [   0.66873] _al_d3d_sync_bitmap (system) ref count == 1
d3d      D          d3d_bmp.cpp:545  _al_d3d_sync_bitmap              [   0.66886] _al_d3d_sync_bitmap (video) ref count == 1
font     D                ttf.c:238  alloc_glyph_region               [   1.76298] Glyph 51: 12x15 (12x16)
font     D                ttf.c:282  alloc_glyph_region               [   1.76305] Locking glyph region: 06394CF0 136 0 12 16
font     D                ttf.c:166  unlock_current_page              [   1.76313] Unlocking page: 06394CF0
font     D                ttf.c:238  alloc_glyph_region               [   1.76327] Glyph 78: 10x15 (12x16)
font     D                ttf.c:282  alloc_glyph_region               [   1.76332] Locking glyph region: 06394CF0 148 0 12 16
font     D                ttf.c:166  unlock_current_page              [   1.76368] Unlocking page: 06394CF0
font     D                ttf.c:238  alloc_glyph_region               [   1.76382] Glyph 87: 7x16 (8x16)
font     D                ttf.c:282  alloc_glyph_region               [   1.76387] Locking glyph region: 06394CF0 160 0 8 16
font     D                ttf.c:166  unlock_current_page              [   1.76397] Unlocking page: 06394CF0
font     D                ttf.c:238  alloc_glyph_region               [   1.76412] Glyph 92: 11x15 (12x16)
font     D                ttf.c:282  alloc_glyph_region               [   1.76420] Locking glyph region: 06394CF0 168 0 12 16
font     D                ttf.c:166  unlock_current_page              [   1.76434] Unlocking page: 06394CF0
font     D                ttf.c:238  alloc_glyph_region               [   1.76447] Glyph 29: 6x11 (8x12)
font     D                ttf.c:282  alloc_glyph_region               [   1.76452] Locking glyph region: 06394CF0 180 0 8 12
font     D                ttf.c:166  unlock_current_page              [   1.76462] Unlocking page: 06394CF0
font     D                ttf.c:238  alloc_glyph_region               [   1.76475] Glyph 19: 9x15 (12x16)
font     D                ttf.c:282  alloc_glyph_region               [   1.76480] Locking glyph region: 06394CF0 188 0 12 16
font     D                ttf.c:166  unlock_current_page              [   1.76490] Unlocking page: 06394CF0
font     D                ttf.c:238  alloc_glyph_region               [   1.76506] Glyph 61: 12x15 (12x16)
font     D                ttf.c:282  alloc_glyph_region               [   1.76512] Locking glyph region: 06394CF0 200 0 12 16
font     D                ttf.c:166  unlock_current_page              [   1.76531] Unlocking page: 06394CF0
font     D                ttf.c:238  alloc_glyph_region               [   1.76547] Glyph 24: 9x15 (12x16)
font     D                ttf.c:282  alloc_glyph_region               [   1.76552] Locking glyph region: 06394CF0 212 0 12 16
font     D                ttf.c:166  unlock_current_page              [   1.76563] Unlocking page: 06394CF0
d3d      D          d3d_bmp.cpp:539  _al_d3d_sync_bitmap              [   1.76606] _al_d3d_sync_bitmap (system) ref count == 1
d3d      D          d3d_bmp.cpp:545  _al_d3d_sync_bitmap              [   1.76617] _al_d3d_sync_bitmap (video) ref count == 1
font     D                ttf.c:238  alloc_glyph_region               [   4.59652] Glyph 22: 9x15 (12x16)
font     D                ttf.c:282  alloc_glyph_region               [   4.59665] Locking glyph region: 06394CF0 224 0 12 16
font     D                ttf.c:166  unlock_current_page              [   4.59677] Unlocking page: 06394CF0
d3d      D          d3d_bmp.cpp:539  _al_d3d_sync_bitmap              [   4.59751] _al_d3d_sync_bitmap (system) ref count == 1
d3d      D          d3d_bmp.cpp:545  _al_d3d_sync_bitmap              [   4.59762] _al_d3d_sync_bitmap (video) ref count == 1
font     D                ttf.c:238  alloc_glyph_region               [   5.29654] Glyph 23: 11x15 (12x16)
font     D                ttf.c:282  alloc_glyph_region               [   5.29668] Locking glyph region: 06394CF0 236 0 12 16
font     D                ttf.c:166  unlock_current_page              [   5.29680] Unlocking page: 06394CF0
d3d      D          d3d_bmp.cpp:539  _al_d3d_sync_bitmap              [   5.29800] _al_d3d_sync_bitmap (system) ref count == 1
d3d      D          d3d_bmp.cpp:545  _al_d3d_sync_bitmap              [   5.29814] _al_d3d_sync_bitmap (video) ref count == 1
font     D                ttf.c:238  alloc_glyph_region               [   5.69656] Glyph 25: 10x15 (12x16)
font     D                ttf.c:282  alloc_glyph_region               [   5.69669] Locking glyph region: 06394CF0 0 20 12 16
font     D                ttf.c:166  unlock_current_page              [   5.69681] Unlocking page: 06394CF0
d3d      D          d3d_bmp.cpp:539  _al_d3d_sync_bitmap              [   5.69761] _al_d3d_sync_bitmap (system) ref count == 1
d3d      D          d3d_bmp.cpp:545  _al_d3d_sync_bitmap              [   5.69772] _al_d3d_sync_bitmap (video) ref count == 1
font     D                ttf.c:238  alloc_glyph_region               [   7.11318] Glyph 26: 9x15 (12x16)
font     D                ttf.c:282  alloc_glyph_region               [   7.11333] Locking glyph region: 06394CF0 12 20 12 16
font     D                ttf.c:166  unlock_current_page              [   7.11345] Unlocking page: 06394CF0
d3d      D          d3d_bmp.cpp:539  _al_d3d_sync_bitmap              [   7.11475] _al_d3d_sync_bitmap (system) ref count == 1
d3d      D          d3d_bmp.cpp:545  _al_d3d_sync_bitmap              [   7.11487] _al_d3d_sync_bitmap (video) ref count == 1
font     D                ttf.c:238  alloc_glyph_region               [   7.34713] Glyph 27: 9x15 (12x16)
font     D                ttf.c:282  alloc_glyph_region               [   7.34726] Locking glyph region: 06394CF0 24 20 12 16
font     D                ttf.c:166  unlock_current_page              [   7.34738] Unlocking page: 06394CF0
d3d      D          d3d_bmp.cpp:539  _al_d3d_sync_bitmap              [   7.34845] _al_d3d_sync_bitmap (system) ref count == 1
d3d      D          d3d_bmp.cpp:545  _al_d3d_sync_bitmap              [   7.34858] _al_d3d_sync_bitmap (video) ref count == 1
font     D                ttf.c:238  alloc_glyph_region               [   7.71320] Glyph 28: 10x15 (12x16)
font     D                ttf.c:282  alloc_glyph_region               [   7.71334] Locking glyph region: 06394CF0 36 20 12 16
font     D                ttf.c:166  unlock_current_page              [   7.71354] Unlocking page: 06394CF0
d3d      D          d3d_bmp.cpp:539  _al_d3d_sync_bitmap              [   7.71434] _al_d3d_sync_bitmap (system) ref count == 1
d3d      D          d3d_bmp.cpp:545  _al_d3d_sync_bitmap              [   7.71445] _al_d3d_sync_bitmap (video) ref count == 1
font     D                ttf.c:238  alloc_glyph_region               [  29.39643] Glyph 46: 32x36 (32x36)
font     D                ttf.c:282  alloc_glyph_region               [  29.39657] Locking glyph region: 063912F8 316 0 32 36
font     D                ttf.c:166  unlock_current_page              [  29.39672] Unlocking page: 063912F8
font     D                ttf.c:238  alloc_glyph_region               [  29.39695] Glyph 40: 29x36 (32x36)
font     D                ttf.c:282  alloc_glyph_region               [  29.39704] Locking glyph region: 063912F8 348 0 32 36
font     D                ttf.c:166  unlock_current_page              [  29.39870] Unlocking page: 063912F8
font     D                ttf.c:440  cache_glyph                      [  29.39894] Glyph 3 has zero size.
font     D                ttf.c:238  alloc_glyph_region               [  29.39921] Glyph 42: 29x36 (32x36)
font     D                ttf.c:282  alloc_glyph_region               [  29.39930] Locking glyph region: 063912F8 380 0 32 36
font     D                ttf.c:166  unlock_current_page              [  29.39954] Unlocking page: 063912F8
font     D                ttf.c:238  alloc_glyph_region               [  29.39981] Glyph 60: 29x36 (32x36)
font     D                ttf.c:282  alloc_glyph_region               [  29.39990] Locking glyph region: 063912F8 412 0 32 36
font     D                ttf.c:166  unlock_current_page              [  29.40013] Unlocking page: 063912F8
font     D                ttf.c:238  alloc_glyph_region               [  29.40051] Glyph 60: 21x25 (24x28)
font     D                ttf.c:282  alloc_glyph_region               [  29.40060] Locking glyph region: 074219F0 304 0 24 28
font     D                ttf.c:166  unlock_current_page              [  29.40072] Unlocking page: 074219F0
font     D                ttf.c:238  alloc_glyph_region               [  29.40093] Glyph 44: 10x25 (12x28)
font     D                ttf.c:282  alloc_glyph_region               [  29.40101] Locking glyph region: 074219F0 328 0 12 28
font     D                ttf.c:166  unlock_current_page              [  29.40462] Unlocking page: 074219F0
font     D                ttf.c:238  alloc_glyph_region               [  29.40494] Glyph 46: 23x25 (24x28)
font     D                ttf.c:282  alloc_glyph_region               [  29.40503] Locking glyph region: 074219F0 340 0 24 28
font     D                ttf.c:166  unlock_current_page              [  29.40526] Unlocking page: 074219F0
font     D                ttf.c:238  alloc_glyph_region               [  29.40546] Glyph 29: 8x19 (8x20)
font     D                ttf.c:282  alloc_glyph_region               [  29.40555] Locking glyph region: 074219F0 364 0 8 20
font     D                ttf.c:166  unlock_current_page              [  29.40573] Unlocking page: 074219F0
font     D                ttf.c:238  alloc_glyph_region               [  29.40597] Glyph 27: 15x25 (16x28)
font     D                ttf.c:282  alloc_glyph_region               [  29.40606] Locking glyph region: 074219F0 372 0 16 28
font     D                ttf.c:166  unlock_current_page              [  29.40626] Unlocking page: 074219F0
font     D                ttf.c:238  alloc_glyph_region               [  29.40651] Glyph 22: 15x25 (16x28)
font     D                ttf.c:282  alloc_glyph_region               [  29.40659] Locking glyph region: 074219F0 388 0 16 28
font     D                ttf.c:166  unlock_current_page              [  29.40678] Unlocking page: 074219F0
font     D                ttf.c:238  alloc_glyph_region               [  29.40714] Glyph 56: 21x25 (24x28)
font     D                ttf.c:282  alloc_glyph_region               [  29.40729] Locking glyph region: 074219F0 404 0 24 28
font     D                ttf.c:166  unlock_current_page              [  29.40764] Unlocking page: 074219F0
font     D                ttf.c:238  alloc_glyph_region               [  29.40793] Glyph 39: 20x25 (20x28)
font     D                ttf.c:282  alloc_glyph_region               [  29.40802] Locking glyph region: 074219F0 428 0 20 28
font     D                ttf.c:166  unlock_current_page              [  29.40826] Unlocking page: 074219F0
font     D                ttf.c:238  alloc_glyph_region               [  29.40855] Glyph 40: 21x25 (24x28)
font     D                ttf.c:282  alloc_glyph_region               [  29.40864] Locking glyph region: 074219F0 448 0 24 28
font     D                ttf.c:166  unlock_current_page              [  29.40887] Unlocking page: 074219F0
font     D                ttf.c:238  alloc_glyph_region               [  29.40914] Glyph 53: 20x25 (20x28)
font     D                ttf.c:282  alloc_glyph_region               [  29.40923] Locking glyph region: 074219F0 472 0 20 28
font     D                ttf.c:166  unlock_current_page              [  29.40943] Unlocking page: 074219F0
font     D                ttf.c:238  alloc_glyph_region               [  29.40965] Glyph 61: 19x25 (20x28)
font     D                ttf.c:282  alloc_glyph_region               [  29.40974] Locking glyph region: 074219F0 492 0 20 28
font     D                ttf.c:166  unlock_current_page              [  29.40994] Unlocking page: 074219F0
font     D                ttf.c:238  alloc_glyph_region               [  29.41017] Glyph 50: 20x25 (20x28)
font     D                ttf.c:282  alloc_glyph_region               [  29.41026] Locking glyph region: 074219F0 0 32 20 28
font     D                ttf.c:166  unlock_current_page              [  29.41047] Unlocking page: 074219F0
font     D                ttf.c:238  alloc_glyph_region               [  29.41070] Glyph 51: 19x25 (20x28)
font     D                ttf.c:282  alloc_glyph_region               [  29.41079] Locking glyph region: 074219F0 20 32 20 28
font     D                ttf.c:166  unlock_current_page              [  29.41098] Unlocking page: 074219F0
font     D                ttf.c:238  alloc_glyph_region               [  29.41124] Glyph 54: 19x25 (20x28)
font     D                ttf.c:282  alloc_glyph_region               [  29.41133] Locking glyph region: 074219F0 40 32 20 28
font     D                ttf.c:166  unlock_current_page              [  29.41152] Unlocking page: 074219F0
font     D                ttf.c:238  alloc_glyph_region               [  29.41174] Glyph 26: 15x25 (16x28)
font     D                ttf.c:282  alloc_glyph_region               [  29.41182] Locking glyph region: 074219F0 60 32 16 28
font     D                ttf.c:166  unlock_current_page              [  29.41201] Unlocking page: 074219F0
font     D                ttf.c:238  alloc_glyph_region               [  29.41251] Glyph 48: 26x25 (28x28)
font     D                ttf.c:282  alloc_glyph_region               [  29.41262] Locking glyph region: 074219F0 76 32 28 28
font     D                ttf.c:166  unlock_current_page              [  29.41295] Unlocking page: 074219F0
font     D                ttf.c:238  alloc_glyph_region               [  29.41319] Glyph 55: 18x25 (20x28)
font     D                ttf.c:282  alloc_glyph_region               [  29.41328] Locking glyph region: 074219F0 104 32 20 28
font     D                ttf.c:166  unlock_current_page              [  29.41348] Unlocking page: 074219F0
font     D                ttf.c:238  alloc_glyph_region               [  29.41374] Glyph 24: 16x25 (16x28)
font     D                ttf.c:282  alloc_glyph_region               [  29.41383] Locking glyph region: 074219F0 124 32 16 28
font     D                ttf.c:166  unlock_current_page              [  29.41404] Unlocking page: 074219F0
font     D                ttf.c:238  alloc_glyph_region               [  29.41444] Glyph 37: 20x25 (20x28)
font     D                ttf.c:282  alloc_glyph_region               [  29.41454] Locking glyph region: 074219F0 140 32 20 28
font     D                ttf.c:166  unlock_current_page              [  29.41488] Unlocking page: 074219F0
font     D                ttf.c:238  alloc_glyph_region               [  29.41514] Glyph 36: 21x25 (24x28)
font     D                ttf.c:282  alloc_glyph_region               [  29.41523] Locking glyph region: 074219F0 160 32 24 28
font     D                ttf.c:166  unlock_current_page              [  29.41543] Unlocking page: 074219F0
font     D                ttf.c:238  alloc_glyph_region               [  29.41582] Glyph 83: 11x15 (12x16)
font     D                ttf.c:282  alloc_glyph_region               [  29.41591] Locking glyph region: 06394CF0 48 20 12 16
font     D                ttf.c:166  unlock_current_page              [  29.41601] Unlocking page: 06394CF0
font     D                ttf.c:238  alloc_glyph_region               [  29.41625] Glyph 72: 9x11 (12x12)
font     D                ttf.c:282  alloc_glyph_region               [  29.41637] Locking glyph region: 06394CF0 60 20 12 12
font     D                ttf.c:166  unlock_current_page              [  29.41680] Unlocking page: 06394CF0
font     D                ttf.c:238  alloc_glyph_region               [  29.41705] Glyph 93: 8x11 (8x12)
font     D                ttf.c:282  alloc_glyph_region               [  29.41713] Locking glyph region: 06394CF0 72 20 8 12
font     D                ttf.c:166  unlock_current_page              [  29.41732] Unlocking page: 06394CF0
font     D                ttf.c:238  alloc_glyph_region               [  29.41757] Glyph 74: 10x15 (12x16)
font     D                ttf.c:282  alloc_glyph_region               [  29.41766] Locking glyph region: 06394CF0 80 20 12 16
font     D                ttf.c:166  unlock_current_page              [  29.41785] Unlocking page: 06394CF0
font     D                ttf.c:238  alloc_glyph_region               [  29.41807] Glyph 85: 9x11 (12x12)
font     D                ttf.c:282  alloc_glyph_region               [  29.41816] Locking glyph region: 06394CF0 92 20 12 12
font     D                ttf.c:166  unlock_current_page              [  29.41835] Unlocking page: 06394CF0
font     D                ttf.c:238  alloc_glyph_region               [  29.41856] Glyph 82: 10x11 (12x12)
font     D                ttf.c:282  alloc_glyph_region               [  29.41864] Locking glyph region: 06394CF0 104 20 12 12
font     D                ttf.c:166  unlock_current_page              [  29.41882] Unlocking page: 06394CF0
font     D                ttf.c:238  alloc_glyph_region               [  29.41907] Glyph 90: 15x11 (16x12)
font     D                ttf.c:282  alloc_glyph_region               [  29.41916] Locking glyph region: 06394CF0 116 20 16 12
font     D                ttf.c:166  unlock_current_page              [  29.41934] Unlocking page: 06394CF0
d3d      D          d3d_bmp.cpp:539  _al_d3d_sync_bitmap              [  29.42049] _al_d3d_sync_bitmap (system) ref count == 1
d3d      D          d3d_bmp.cpp:545  _al_d3d_sync_bitmap              [  29.42076] _al_d3d_sync_bitmap (video) ref count == 1
d3d      D          d3d_bmp.cpp:539  _al_d3d_sync_bitmap              [  29.42728] _al_d3d_sync_bitmap (system) ref count == 1
d3d      D          d3d_bmp.cpp:545  _al_d3d_sync_bitmap              [  29.42746] _al_d3d_sync_bitmap (video) ref count == 1
d3d      D          d3d_bmp.cpp:539  _al_d3d_sync_bitmap              [  29.42869] _al_d3d_sync_bitmap (system) ref count == 1
d3d      D          d3d_bmp.cpp:545  _al_d3d_sync_bitmap              [  29.42881] _al_d3d_sync_bitmap (video) ref count == 1
dtor     D               dtor.c:227  _al_unregister_destructor        [  31.60048] removed dtor for bitmap 007D7288
dtor     D               dtor.c:227  _al_unregister_destructor        [  31.60074] removed dtor for bitmap 007E8B98
dtor     D               dtor.c:227  _al_unregister_destructor        [  31.60109] removed dtor for bitmap 007E8DE8
dtor     D               dtor.c:227  _al_unregister_destructor        [  31.60124] removed dtor for bitmap 007E62C8
dtor     D               dtor.c:227  _al_unregister_destructor        [  31.60135] removed dtor for bitmap 007D75E0
dtor     D               dtor.c:227  _al_unregister_destructor        [  31.60145] removed dtor for bitmap 007E6448
dtor     D               dtor.c:227  _al_unregister_destructor        [  31.60155] removed dtor for bitmap 007D78E8
dtor     D               dtor.c:227  _al_unregister_destructor        [  31.60165] removed dtor for bitmap 007D9210
dtor     D               dtor.c:227  _al_unregister_destructor        [  31.60175] removed dtor for bitmap 007DAB38
dtor     D               dtor.c:227  _al_unregister_destructor        [  31.60209] removed dtor for queue 007D3DC0
dtor     D               dtor.c:227  _al_unregister_destructor        [  31.60226] removed dtor for timer 007B3E80
dtor     D               dtor.c:227  _al_unregister_destructor        [  31.60235] removed dtor for ttf_font 0078AF98
dtor     D               dtor.c:227  _al_unregister_destructor        [  31.60286] removed dtor for ttf_font 0078B058
dtor     D               dtor.c:227  _al_unregister_destructor        [  31.60380] removed dtor for ttf_font 0078B118
d3d      I         d3d_disp.cpp:901  d3d_destroy_display              [  31.60594] destroying display 00784540 (current 00000000)
d3d      D         d3d_disp.cpp:885  d3d_destroy_display_internals    [  31.60740] waiting for display 00784540's thread to end
d3d      W         d3d_disp.cpp:595  d3d_destroy_device               [  31.61016] d3d_destroy_device: ref count not 0
d3d      I         d3d_disp.cpp:1549 d3d_display_thread_proc          [  31.62730] d3d display thread exits
